[debug] [2024-09-11T09:52:31.093Z] ----------------------------------------------------------------------
[debug] [2024-09-11T09:52:31.095Z] Command:       C:\Program Files\nodejs\node.exe C:\Users\z004h8pf\AppData\Roaming\npm\node_modules\firebase-tools\lib\bin\firebase.js init
[debug] [2024-09-11T09:52:31.096Z] CLI Version:   13.16.0
[debug] [2024-09-11T09:52:31.096Z] Platform:      win32
[debug] [2024-09-11T09:52:31.096Z] Node Version:  v22.7.0
[debug] [2024-09-11T09:52:31.096Z] Time:          Wed Sep 11 2024 15:22:31 GMT+0530 (India Standard Time)
[debug] [2024-09-11T09:52:31.096Z] ----------------------------------------------------------------------
[debug] 
[debug] [2024-09-11T09:52:31.103Z] > command requires scopes: ["email","openid","https://www.googleapis.com/auth/cloudplatformprojects.readonly","https://www.googleapis.com/auth/firebase","https://www.googleapis.com/auth/cloud-platform"]
[debug] [2024-09-11T09:52:31.103Z] > authorizing via signed-in user (breddyprakash@gmail.com)
[info] 
     ######## #### ########  ######## ########     ###     ######  ########
     ##        ##  ##     ## ##       ##     ##  ##   ##  ##       ##
     ######    ##  ########  ######   ########  #########  ######  ######
     ##        ##  ##    ##  ##       ##     ## ##     ##       ## ##
     ##       #### ##     ## ######## ########  ##     ##  ######  ########

You're about to initialize a Firebase project in this directory:

  C:\self\React\my-portfolio

Before we get started, keep in mind:

  * You are currently outside your home directory

[info] 
=== Project Setup
[info] 
[info] First, let's associate this project directory with a Firebase project.
[info] You can create multiple project aliases by running firebase use --add, 
[info] but for now we'll just set up a default project.
[info] 
[debug] [2024-09-11T09:52:50.171Z] >>> [apiv2][query] GET https://firebase.googleapis.com/v1beta1/projects pageSize=100
[debug] [2024-09-11T09:52:51.064Z] <<< [apiv2][status] GET https://firebase.googleapis.com/v1beta1/projects 200
[debug] [2024-09-11T09:52:51.064Z] <<< [apiv2][body] GET https://firebase.googleapis.com/v1beta1/projects [omitted]
[info] i  Using project react-my-burger-a4e92 (react-my-burger) 
[info] 
=== Hosting Setup
[debug] [2024-09-11T09:53:28.705Z] >>> [apiv2][query] GET https://firebase.googleapis.com/v1beta1/projects/react-my-burger-a4e92 [none]
[debug] [2024-09-11T09:53:29.216Z] <<< [apiv2][status] GET https://firebase.googleapis.com/v1beta1/projects/react-my-burger-a4e92 200
[debug] [2024-09-11T09:53:29.216Z] <<< [apiv2][body] GET https://firebase.googleapis.com/v1beta1/projects/react-my-burger-a4e92 {"projectId":"react-my-burger-a4e92","projectNumber":"1080208287639","displayName":"react-my-burger","name":"projects/react-my-burger-a4e92","resources":{"hostingSite":"react-my-burger-a4e92","realtimeDatabaseInstance":"react-my-burger-a4e92","storageBucket":"react-my-burger-a4e92.appspot.com","locationId":"us-central"},"state":"ACTIVE","etag":"1_e712b4f3-48b4-4328-94e3-6441ad0e6d8e"}
[info] 
[info] Your public directory is the folder (relative to your project directory) that
[info] will contain Hosting assets to be uploaded with firebase deploy. If you
[info] have a build process for your assets, use your build's output directory.
[info] 
[debug] [2024-09-11T09:54:08.143Z] >>> [apiv2][query] GET https://www.gstatic.com/firebasejs/releases.json [none]
[debug] [2024-09-11T09:54:08.327Z] <<< [apiv2][status] GET https://www.gstatic.com/firebasejs/releases.json 200
[debug] [2024-09-11T09:54:08.328Z] <<< [apiv2][body] GET https://www.gstatic.com/firebasejs/releases.json {"current":{"version":"10.13.1","browserURL":"https://www.gstatic.com/firebasejs/10.13.1/firebase.js","packageURL":"https://www.gstatic.com/firebasejs/10.13.1/firebase.tgz"},"live":{"version":"10.13","browserURL":"https://www.gstatic.com/firebasejs/live/10.13/firebase.js","packageURL":"https://www.gstatic.com/firebasejs/live/10.13/firebase.tgz"},"components":{"analytics":"https://www.gstatic.com/firebasejs/10.13.1/firebase-analytics.js","app":"https://www.gstatic.com/firebasejs/10.13.1/firebase-app.js","app-check":"https://www.gstatic.com/firebasejs/10.13.1/firebase-app-check.js","auth":"https://www.gstatic.com/firebasejs/10.13.1/firebase-auth.js","auth/cordova":"https://www.gstatic.com/firebasejs/10.13.1/firebase-auth/cordova.js","auth/web-extension":"https://www.gstatic.com/firebasejs/10.13.1/firebase-auth/web-extension.js","functions":"https://www.gstatic.com/firebasejs/10.13.1/firebase-functions.js","firestore":"https://www.gstatic.com/firebasejs/10.13.1/firebase-firestore.js","firestore/lite":"https://www.gstatic.com/firebasejs/10.13.1/firebase-firestore/lite.js","installations":"https://www.gstatic.com/firebasejs/10.13.1/firebase-installations.js","storage":"https://www.gstatic.com/firebasejs/10.13.1/firebase-storage.js","performance":"https://www.gstatic.com/firebasejs/10.13.1/firebase-performance.js","remote-config":"https://www.gstatic.com/firebasejs/10.13.1/firebase-remote-config.js","messaging":"https://www.gstatic.com/firebasejs/10.13.1/firebase-messaging.js","messaging/sw":"https://www.gstatic.com/firebasejs/10.13.1/firebase-messaging/sw.js","database":"https://www.gstatic.com/firebasejs/10.13.1/firebase-database.js","vertexai-preview":"https://www.gstatic.com/firebasejs/10.13.1/firebase-vertexai-preview.js","firestore.memory":"https://www.gstatic.com/firebasejs/10.13.1/firebase-firestore.memory.js"}}
[info] +  Wrote yes/index.html 
[info] 
[info] i  Detected a .git folder at C:\self\React\my-portfolio 
[info] i  Authorizing with GitHub to upload your service account to a GitHub repository's secrets store. 
[info] 
[info] Visit this URL on this device to log in:
[info] https://github.com/login/oauth/authorize?client_id=89cf50f02ac6aaed3484&state=871572578&redirect_uri=http%3A%2F%2Flocalhost%3A9005&scope=read%3Auser%20repo%20public_repo
[info] 
[info] Waiting for authentication...
